<?xml version="1.0" encoding="UTF-8"?>
<!-- Generated by org.testng.reporters.JUnitReportReporter -->
<testsuite hostname="DESKTOP-GECEE8B" failures="0" tests="3" name="setPriority.TestNGPriority" time="0.015" errors="0" timestamp="2023-07-30T09:30:46 IST" skipped="0">
  <testcase classname="setPriority.TestNGPriority" name="test1" time="0.011"/>
  <testcase classname="setPriority.TestNGPriority" name="test3" time="0.002"/>
  <testcase classname="setPriority.TestNGPriority" name="test2" time="0.002"/>
</testsuite> <!-- setPriority.TestNGPriority -->
