<?xml version="1.0" encoding="UTF-8"?>
<!-- Generated by org.testng.reporters.JUnitReportReporter -->
<testsuite hostname="DESKTOP-GECEE8B" failures="0" tests="1" name="ManuallyCreatedPackage.TestNG_Demo" time="4.041" errors="0" timestamp="2023-07-23T20:42:53 IST" skipped="0">
  <testcase classname="ManuallyCreatedPackage.TestNG_Demo" name="googlesearch" time="4.041"/>
</testsuite> <!-- ManuallyCreatedPackage.TestNG_Demo -->
