<?xml version="1.0" encoding="UTF-8"?>
<!-- Generated by org.testng.reporters.JUnitReportReporter -->
<testsuite hostname="DESKTOP-GECEE8B" failures="0" tests="2" name="utils.ExcelDataProvider" time="61.741" errors="0" timestamp="2023-07-24T10:22:26 IST" skipped="0">
  <testcase classname="utils.ExcelDataProvider" name="test1" time="41.062"/>
  <testcase classname="utils.ExcelDataProvider" name="test1" time="20.679"/>
</testsuite> <!-- utils.ExcelDataProvider -->
