<?xml version="1.0" encoding="UTF-8"?>
<!-- Generated by org.testng.reporters.JUnitReportReporter -->
<testsuite hostname="DESKTOP-GECEE8B" failures="0" tests="1" name="ManuallyCreatedPackage.ExtentReportsWithTestNG" time="3.775" errors="0" timestamp="2023-07-23T17:02:21 IST" skipped="0">
  <testcase classname="ManuallyCreatedPackage.ExtentReportsWithTestNG" name="test1" time="3.775"/>
</testsuite> <!-- ManuallyCreatedPackage.ExtentReportsWithTestNG -->
