<?xml version="1.0" encoding="UTF-8"?>
<!-- Generated by org.testng.reporters.JUnitReportReporter -->
<testsuite hostname="DESKTOP-GECEE8B" failures="0" tests="3" name="multiBrowser.TestNGMultiBrowser" time="78.840" errors="0" timestamp="2023-07-30T10:38:36 IST" skipped="0">
  <testcase classname="multiBrowser.TestNGMultiBrowser" name="test1" time="34.291"/>
  <testcase classname="multiBrowser.TestNGMultiBrowser" name="test1" time="23.243"/>
  <testcase classname="multiBrowser.TestNGMultiBrowser" name="test1" time="21.306"/>
</testsuite> <!-- multiBrowser.TestNGMultiBrowser -->
